D:\Workspace\Asp.Net\ContactApi\ContactApi\ui\dist\out-tsc\src\app\app-routing.module.js
D:\Workspace\Asp.Net\ContactApi\ContactApi\ui\dist\out-tsc\src\app\app-routing.module.js.map
D:\Workspace\Asp.Net\ContactApi\ContactApi\ui\dist\out-tsc\src\environments\environment.js
D:\Workspace\Asp.Net\ContactApi\ContactApi\ui\dist\out-tsc\src\environments\environment.js.map
D:\Workspace\Asp.Net\ContactApi\ContactApi\ui\dist\out-tsc\src\app\services\api.service.js
D:\Workspace\Asp.Net\ContactApi\ContactApi\ui\dist\out-tsc\src\app\services\api.service.js.map
D:\Workspace\Asp.Net\ContactApi\ContactApi\ui\dist\out-tsc\src\app\app.component.js
D:\Workspace\Asp.Net\ContactApi\ContactApi\ui\dist\out-tsc\src\app\app.component.js.map
D:\Workspace\Asp.Net\ContactApi\ContactApi\ui\dist\out-tsc\src\app\app.module.js
D:\Workspace\Asp.Net\ContactApi\ContactApi\ui\dist\out-tsc\src\app\app.module.js.map
D:\Workspace\Asp.Net\ContactApi\ContactApi\ui\dist\out-tsc\src\main.js
D:\Workspace\Asp.Net\ContactApi\ContactApi\ui\dist\out-tsc\src\main.js.map
D:\Workspace\Asp.Net\ContactApi\ContactApi\ui\dist\out-tsc\src\polyfills.js
D:\Workspace\Asp.Net\ContactApi\ContactApi\ui\dist\out-tsc\src\polyfills.js.map
D:\Workspace\Asp.Net\ContactApi\ContactApi\ui\dist\out-tsc\src\test.js
D:\Workspace\Asp.Net\ContactApi\ContactApi\ui\dist\out-tsc\src\test.js.map
D:\Workspace\Asp.Net\ContactApi\ContactApi\ui\dist\out-tsc\e2e\src\app.po.js
D:\Workspace\Asp.Net\ContactApi\ContactApi\ui\dist\out-tsc\e2e\src\app.po.js.map
D:\Workspace\Asp.Net\ContactApi\ContactApi\ui\dist\out-tsc\e2e\src\app.e2e-spec.js
D:\Workspace\Asp.Net\ContactApi\ContactApi\ui\dist\out-tsc\e2e\src\app.e2e-spec.js.map
D:\Workspace\Asp.Net\ContactApi\ContactApi\ui\dist\out-tsc\src\app\app.component.spec.js
D:\Workspace\Asp.Net\ContactApi\ContactApi\ui\dist\out-tsc\src\app\app.component.spec.js.map
D:\Workspace\Asp.Net\ContactApi\ContactApi\ui\dist\out-tsc\src\environments\environment.prod.js
D:\Workspace\Asp.Net\ContactApi\ContactApi\ui\dist\out-tsc\src\environments\environment.prod.js.map
D:\Workspace\Asp.Net\ContactApi\ContactApi\ui\dist\out-tsc\src\app\services\api.service.spec.js
D:\Workspace\Asp.Net\ContactApi\ContactApi\ui\dist\out-tsc\src\app\services\api.service.spec.js.map
